PS C:\eugene_projects\new\ready-simple-lcr-main\ready-simple-lcr-main> & C:\eugene_projects\new\ready-simple-lcr-main\ready-simple-lcr-main\venv\Scripts\Activate.ps1
(venv) PS C:\eugene_projects\new\ready-simple-lcr-main\ready-simple-lcr-main> python .\faker_lcr\fake_lcr_meter.py
['COM4', 'COM6', 'COM7']
Фейковый LCR-метр запущен на COM7
← Ответ: [170, 64, 69, 55, 50, 56]
← Ответ: [170, 67]
← Ответ: [170, 70]
← Ответ: [170, 67]
← Ответ: [128, 3, 1, 5, 0, 0, 0, 0, 0, 1, 134, 160, 68, 121, 68, 126, 187, 225, 158, 227, 0, 0]
← Ответ: [170, 67]
← Ответ: [128, 3, 1, 5, 0, 0, 0, 0, 0, 1, 173, 176, 68, 113, 182, 67, 59, 243, 160, 100, 0, 0]
← Ответ: [170, 67]
← Ответ: [128, 3, 1, 5, 0, 0, 0, 0, 0, 1, 212, 192, 68, 118, 38, 51, 60, 136, 161, 72, 0, 0]
← Ответ: [170, 67]
← Ответ: [128, 3, 1, 5, 0, 0, 0, 0, 0, 1, 251, 208, 68, 109, 141, 239, 60, 215, 117, 14, 0, 0]
← Ответ: [170, 67]
← Ответ: [128, 3, 1, 5, 0, 0, 0, 0, 0, 2, 34, 224, 68, 109, 185, 76, 60, 216, 155, 16, 0, 0]
← Ответ: [170, 67]
← Ответ: [128, 3, 1, 5, 0, 0, 0, 0, 0, 2, 73, 240, 68, 118, 255, 250, 60, 150, 237, 84, 0, 0]
← Ответ: [170, 67]
← Ответ: [128, 3, 1, 5, 0, 0, 0, 0, 0, 2, 113, 0, 68, 123, 99, 171, 186, 250, 16, 251, 0, 0]
← Ответ: [170, 67]
← Ответ: [128, 3, 1, 5, 0, 0, 0, 0, 0, 2, 152, 16, 68, 127, 66, 159, 59, 200, 57, 38, 0, 0]
← Ответ: [170, 67]
← Ответ: [128, 3, 1, 5, 0, 0, 0, 0, 0, 2, 191, 32, 68, 126, 139, 198, 188, 149, 200, 9, 0, 0]
← Ответ: [170, 67]
← Ответ: [128, 3, 1, 5, 0, 0, 0, 0, 0, 2, 230, 48, 68, 127, 94, 185, 59, 34, 36, 215, 0, 0]
← Ответ: [170, 67]
← Ответ: [128, 3, 1, 5, 0, 0, 0, 0, 0, 3, 13, 64, 68, 111, 71, 187, 187, 83, 99, 167, 0, 0]
← Ответ: [170, 67]
← Ответ: [128, 3, 1, 5, 0, 0, 0, 0, 0, 3, 52, 80, 68, 131, 18, 80, 188, 204, 42, 198, 0, 0]
← Ответ: [170, 67]
← Ответ: [128, 3, 1, 5, 0, 0, 0, 0, 0, 3, 91, 96, 68, 126, 17, 182, 188, 189, 86, 170, 0, 0]
← Ответ: [170, 67]
← Ответ: [128, 3, 1, 5, 0, 0, 0, 0, 0, 3, 130, 112, 68, 129, 132, 89, 59, 168, 166, 192, 0, 0]
← Ответ: [170, 67]
← Ответ: [128, 3, 1, 5, 0, 0, 0, 0, 0, 3, 169, 128, 68, 119, 142, 100, 188, 132, 53, 29, 0, 0]
← Ответ: [170, 67]
← Ответ: [128, 3, 1, 5, 0, 0, 0, 0, 0, 3, 208, 144, 68, 124, 26, 237, 60, 52, 230, 95, 0, 0]
← Ответ: [170, 67]
← Ответ: [128, 3, 1, 5, 0, 0, 0, 0, 0, 3, 247, 160, 68, 122, 127, 115, 60, 145, 224, 255, 0, 0]
← Ответ: [170, 67]
← Ответ: [128, 3, 1, 5, 0, 0, 0, 0, 0, 4, 30, 176, 68, 129, 137, 247, 188, 244, 32, 180, 0, 0]
← Ответ: [170, 67]
← Ответ: [128, 3, 1, 5, 0, 0, 0, 0, 0, 4, 69, 192, 68, 124, 114, 162, 59, 42, 92, 12, 0, 0]
← Ответ: [170, 67]
← Ответ: [128, 3, 1, 5, 0, 0, 0, 0, 0, 4, 108, 208, 68, 117, 73, 28, 60, 33, 108, 93, 0, 0]
← Ответ: [170, 67]
← Ответ: [128, 3, 1, 5, 0, 0, 0, 0, 0, 4, 147, 224, 68, 127, 210, 62, 61, 11, 68, 193, 0, 0]
← Ответ: [170, 67]
← Ответ: [128, 3, 1, 5, 0, 0, 0, 0, 0, 4, 186, 240, 68, 113, 204, 187, 60, 210, 233, 7, 0, 0]
← Ответ: [170, 67]
← Ответ: [128, 3, 1, 5, 0, 0, 0, 0, 0, 4, 226, 0, 68, 120, 209, 202, 188, 178, 8, 54, 0, 0]
← Ответ: [170, 67]
← Ответ: [128, 3, 1, 5, 0, 0, 0, 0, 0, 5, 9, 16, 68, 122, 88, 23, 59, 235, 104, 197, 0, 0]
← Ответ: [170, 67]
← Ответ: [128, 3, 1, 5, 0, 0, 0, 0, 0, 5, 48, 32, 68, 117, 30, 80, 188, 124, 155, 222, 0, 0]
← Ответ: [170, 67]
← Ответ: [128, 3, 1, 5, 0, 0, 0, 0, 0, 5, 87, 48, 68, 125, 123, 253, 187, 169, 108, 165, 0, 0]
← Ответ: [170, 67]
← Ответ: [128, 3, 1, 5, 0, 0, 0, 0, 0, 5, 126, 64, 68, 123, 246, 210, 61, 1, 243, 230, 0, 0]
← Ответ: [170, 67]
← Ответ: [128, 3, 1, 5, 0, 0, 0, 0, 0, 5, 165, 80, 68, 116, 175, 193, 189, 13, 234, 113, 0, 0]
← Ответ: [170, 67]
← Ответ: [128, 3, 1, 5, 0, 0, 0, 0, 0, 5, 204, 96, 68, 119, 70, 50, 188, 175, 187, 153, 0, 0]
← Ответ: [170, 67]
← Ответ: [128, 3, 1, 5, 0, 0, 0, 0, 0, 5, 243, 112, 68, 118, 39, 63, 61, 7, 149, 59, 0, 0]
← Ответ: [170, 67]
← Ответ: [128, 3, 1, 5, 0, 0, 0, 0, 0, 6, 26, 128, 68, 123, 178, 116, 60, 155, 140, 160, 0, 0]
← Ответ: [170, 67]
← Ответ: [128, 3, 1, 5, 0, 0, 0, 0, 0, 6, 65, 144, 68, 112, 222, 221, 188, 170, 218, 61, 0, 0]
← Ответ: [170, 67]
← Ответ: [128, 3, 1, 5, 0, 0, 0, 0, 0, 6, 104, 160, 68, 123, 104, 211, 188, 171, 15, 69, 0, 0]
← Ответ: [170, 67]
← Ответ: [128, 3, 1, 5, 0, 0, 0, 0, 0, 6, 143, 176, 68, 111, 107, 182, 188, 243, 124, 7, 0, 0]
← Ответ: [170, 67]
← Ответ: [128, 3, 1, 5, 0, 0, 0, 0, 0, 6, 182, 192, 68, 123, 150, 142, 60, 242, 129, 136, 0, 0]
← Ответ: [170, 67]
← Ответ: [128, 3, 1, 5, 0, 0, 0, 0, 0, 6, 221, 208, 68, 129, 150, 95, 188, 246, 112, 253, 0, 0]
← Ответ: [170, 67]
← Ответ: [128, 3, 1, 5, 0, 0, 0, 0, 0, 7, 4, 224, 68, 129, 175, 109, 60, 17, 186, 236, 0, 0]
← Ответ: [170, 67]
← Ответ: [128, 3, 1, 5, 0, 0, 0, 0, 0, 7, 43, 240, 68, 111, 93, 127, 60, 125, 44, 35, 0, 0]
← Ответ: [170, 67]
← Ответ: [128, 3, 1, 5, 0, 0, 0, 0, 0, 7, 83, 0, 68, 113, 44, 48, 59, 236, 131, 248, 0, 0]
← Ответ: [170, 67]
← Ответ: [128, 3, 1, 5, 0, 0, 0, 0, 0, 7, 122, 16, 68, 129, 176, 250, 188, 45, 80, 197, 0, 0]
← Ответ: [170, 67]
← Ответ: [128, 3, 1, 5, 0, 0, 0, 0, 0, 7, 161, 32, 68, 110, 208, 58, 189, 12, 177, 20, 0, 0]
← Ответ: [170, 67]
← Ответ: [128, 3, 1, 5, 0, 0, 0, 0, 0, 7, 200, 48, 68, 128, 165, 64, 189, 148, 119, 240, 0, 0]
← Ответ: [170, 67]
← Ответ: [128, 3, 1, 5, 0, 0, 0, 0, 0, 7, 239, 64, 68, 115, 73, 223, 189, 29, 107, 100, 0, 0]
← Ответ: [170, 67]
← Ответ: [128, 3, 1, 5, 0, 0, 0, 0, 0, 8, 22, 80, 68, 128, 226, 98, 189, 50, 222, 253, 0, 0]
← Ответ: [170, 67]
← Ответ: [128, 3, 1, 5, 0, 0, 0, 0, 0, 8, 61, 96, 68, 122, 38, 39, 188, 246, 6, 144, 0, 0]
← Ответ: [170, 67]
← Ответ: [128, 3, 1, 5, 0, 0, 0, 0, 0, 8, 100, 112, 68, 111, 238, 142, 189, 42, 104, 160, 0, 0]
← Ответ: [170, 67]
← Ответ: [128, 3, 1, 5, 0, 0, 0, 0, 0, 8, 139, 128, 68, 129, 80, 191, 189, 24, 230, 80, 0, 0]
← Ответ: [170, 67]
← Ответ: [128, 3, 1, 5, 0, 0, 0, 0, 0, 8, 178, 144, 68, 127, 108, 62, 189, 91, 168, 164, 0, 0]
← Ответ: [170, 67]
← Ответ: [128, 3, 1, 5, 0, 0, 0, 0, 0, 8, 217, 160, 68, 124, 211, 224, 189, 107, 145, 166, 0, 0]
← Ответ: [170, 67]
← Ответ: [128, 3, 1, 5, 0, 0, 0, 0, 0, 9, 0, 176, 68, 112, 138, 82, 188, 238, 98, 242, 0, 0]
← Ответ: [170, 67]
← Ответ: [128, 3, 1, 5, 0, 0, 0, 0, 0, 9, 39, 192, 68, 114, 114, 83, 189, 157, 243, 158, 0, 0]
← Ответ: [170, 67]
← Ответ: [128, 3, 1, 5, 0, 0, 0, 0, 0, 9, 78, 208, 68, 115, 118, 105, 188, 194, 230, 184, 0, 0]
← Ответ: [170, 67]
← Ответ: [128, 3, 1, 5, 0, 0, 0, 0, 0, 9, 117, 224, 68, 118, 68, 97, 188, 254, 86, 14, 0, 0]